<?xml version="1.0" encoding="UTF-8"?>
<testng-results skipped="0" failed="0" total="1" passed="1">
  <reporter-output>
  </reporter-output>
  <suite name="Default suite" duration-ms="13062" started-at="2019-06-20T18:01:07Z" finished-at="2019-06-20T18:01:20Z">
    <groups>
    </groups>
    <test name="Default test" duration-ms="13062" started-at="2019-06-20T18:01:07Z" finished-at="2019-06-20T18:01:20Z">
      <class name="com.model.AutoITDemo">
        <test-method status="PASS" signature="upload()[pri:0, instance:com.model.AutoITDemo@f5f2bb7]" name="upload" duration-ms="13038" started-at="2019-06-20T23:31:07Z" finished-at="2019-06-20T23:31:20Z">
          <reporter-output>
          </reporter-output>
        </test-method> <!-- upload -->
      </class> <!-- com.model.AutoITDemo -->
    </test> <!-- Default test -->
  </suite> <!-- Default suite -->
</testng-results>
